<?xml version="1.0" encoding="UTF-8"?>
<!-- Generated by org.testng.reporters.JUnitReportReporter -->
<testsuite hostname="DESKTOP-083Q3R6" failures="0" tests="6" name="com.runner.RunnerClass" time="53.760" errors="0" timestamp="2025-07-09T14:11:12 IST" skipped="0">
  <testcase classname="com.runner.RunnerClass" name="login" time="0.525"/>
  <testcase classname="com.runner.RunnerClass" name="searchPage" time="0.662"/>
  <testcase classname="com.runner.RunnerClass" name="hotelSelect" time="0.301"/>
  <testcase classname="com.runner.RunnerClass" name="hotelBooking" time="10.593"/>
  <testcase classname="com.runner.RunnerClass" name="confirmationPage" time="9.977"/>
  <testcase classname="com.runner.RunnerClass" name="itinerary" time="31.702"/>
</testsuite> <!-- com.runner.RunnerClass -->
